160104-13:04:14 [redirect stderr to the log file]
160104-13:04:14 - - - - - - - - - - - - - - - - - - - - - - - - - - - - - - - - - - - - 
160104-13:04:14 jnanny (pid 4391) starting
160104-13:04:14 Command line: /home/enf/software/schrodinger2015-1/mmshare-v29013/bin/Linux-x86_64/jnanny.pl -jserverport 43791 -label jnanny -all -run
160104-13:04:15 CleanupDatabase: jserver on vsp-compute-34.stanford.edu is handling jobdb cleanup.
160104-13:04:15 MonitorJobs:
160104-13:04:15 CheckSubmitted:
160104-13:04:15   no submitted jobs
160104-13:04:15 CheckOrphans:
160104-13:04:15   no active subjobs
160104-13:04:15   no orphan jobs found
160104-13:04:15 UpdateDbIndex:
160104-13:04:16   Updating index for vsp-compute-38: 0 job(s) added, 0 deleted, 0 updated; total 0.01534 s
160104-13:04:16   Compactifying index for vsp-compute-38: 144 line(s) read, 24 written, 120 deleted; total 0.07764 s, locked 0.06321 s
160104-13:04:16 CheckStranded:
160104-13:04:16   no active jobs
160104-13:04:16 jnanny does not need to run again
160104-13:04:16 next run at 160104-13:14:16 (600 seconds)
160104-13:04:16 jnanny (pid 4391) done
160104-13:05:17 [redirect stderr to the log file]
160104-13:05:17 - - - - - - - - - - - - - - - - - - - - - - - - - - - - - - - - - - - - 
160104-13:05:17 jnanny (pid 4802) starting
160104-13:05:17 Command line: /home/enf/software/schrodinger2015-1/mmshare-v29013/bin/Linux-x86_64/jnanny.pl -jserverport 43791 -label jnanny -all
160104-13:05:18 CleanupDatabase: jserver on vsp-compute-34.stanford.edu is handling jobdb cleanup.
160104-13:05:18 jnanny does not need to run again
160104-13:05:18 next run at 160104-13:15:18 (600 seconds)
160104-13:05:18 jnanny (pid 4802) done
160104-13:06:19 [redirect stderr to the log file]
160104-13:06:19 - - - - - - - - - - - - - - - - - - - - - - - - - - - - - - - - - - - - 
160104-13:06:19 jnanny (pid 5046) starting
160104-13:06:19 Command line: /home/enf/software/schrodinger2015-1/mmshare-v29013/bin/Linux-x86_64/jnanny.pl -jserverport 43791 -label jnanny -all -run
160104-13:06:20 CleanupDatabase: jserver on vsp-compute-34.stanford.edu is handling jobdb cleanup.
160104-13:06:20 MonitorJobs:
160104-13:06:20 CheckSubmitted:
160104-13:06:20   no submitted jobs
160104-13:06:20 CheckOrphans:
160104-13:06:20   no active subjobs
160104-13:06:20   no orphan jobs found
160104-13:06:20 UpdateDbIndex:
160104-13:06:20   Updating index for vsp-compute-38: 0 job(s) added, 0 deleted, 0 updated; total 0.00940 s
160104-13:06:20   Compactifying index for vsp-compute-38: 60 line(s) read, 30 written, 30 deleted; total 0.04578 s, locked 0.03755 s
160104-13:06:20 CheckStranded:
160104-13:06:20   no active jobs
160104-13:06:20 jnanny does not need to run again
160104-13:06:20 next run at 160104-13:16:20 (600 seconds)
160104-13:06:20 jnanny (pid 5046) done
160125-00:27:46 [redirect stderr to the log file]
160125-00:27:46 - - - - - - - - - - - - - - - - - - - - - - - - - - - - - - - - - - - - 
160125-00:27:46 jnanny (pid 910) starting
160125-00:27:46 Command line: /home/enf/software/schrodinger2015-1/mmshare-v29013/bin/Linux-x86_64/jnanny.pl -jserverport 43791 -label jnanny -all -run
160125-00:27:47 CleanupDatabase: jserver on vsp-compute-36.stanford.edu is handling jobdb cleanup.
160125-00:27:47 MonitorJobs:
160125-00:27:47 CheckSubmitted:
160125-00:27:47   no submitted jobs
160125-00:27:47 CheckOrphans:
160125-00:27:47   no active subjobs
160125-00:27:47   no orphan jobs found
160125-00:27:47 UpdateDbIndex:
160125-00:27:47   Updating index for vsp-compute-38: 0 job(s) added, 0 deleted, 0 updated; total 0.02701 s
160125-00:27:47   Compactifying index for vsp-compute-38: 83 line(s) read, 13 written, 70 deleted; total 0.04945 s, locked 0.02970 s
160125-00:27:47 CheckStranded:
160125-00:27:47   12 active job(s)
160125-00:27:47   should run again at 160125-00:32:47 (300 seconds)
160125-00:27:47 jnanny needs to run again
160125-00:27:47 next run at 160125-00:32:47 (300 seconds)
160125-00:27:47 jnanny (pid 910) done
160125-00:32:48 [redirect stderr to the log file]
160125-00:32:48 - - - - - - - - - - - - - - - - - - - - - - - - - - - - - - - - - - - - 
160125-00:32:48 jnanny (pid 1677) starting
160125-00:32:48 Command line: /home/enf/software/schrodinger2015-1/mmshare-v29013/bin/Linux-x86_64/jnanny.pl -jserverport 43791 -label jnanny -all
160125-00:32:48 CleanupDatabase: jserver on vsp-compute-36.stanford.edu is handling jobdb cleanup.
160125-00:32:48 CheckOrphans:
160125-00:32:48   no active subjobs
160125-00:32:48   no orphan jobs found
160125-00:32:48 CheckStranded:
160125-00:32:48   no active jobs
160125-00:32:48 jnanny does not need to run again
160125-00:32:48 next run at 160125-00:42:48 (600 seconds)
160125-00:32:48 jnanny (pid 1677) done
160125-00:33:49 [redirect stderr to the log file]
160125-00:33:49 - - - - - - - - - - - - - - - - - - - - - - - - - - - - - - - - - - - - 
160125-00:33:49 jnanny (pid 1680) starting
160125-00:33:49 Command line: /home/enf/software/schrodinger2015-1/mmshare-v29013/bin/Linux-x86_64/jnanny.pl -jserverport 43791 -label jnanny -all -run
160125-00:33:49 CleanupDatabase: jserver on vsp-compute-36.stanford.edu is handling jobdb cleanup.
160125-00:33:49 MonitorJobs:
160125-00:33:49 CheckSubmitted:
160125-00:33:49   no submitted jobs
160125-00:33:49 CheckOrphans:
160125-00:33:49   no active subjobs
160125-00:33:49   no orphan jobs found
160125-00:33:49 UpdateDbIndex:
160125-00:33:49   Updating index for vsp-compute-38: 0 job(s) added, 0 deleted, 0 updated; total 0.03786 s
160125-00:33:49   Compactifying index for vsp-compute-38: 186 line(s) read, 25 written, 161 deleted; total 0.01867 s, locked 0.00103 s
160125-00:33:49 CheckStranded:
160125-00:33:49   no active jobs
160125-00:33:49 jnanny does not need to run again
160125-00:33:49 next run at 160125-00:43:49 (600 seconds)
160125-00:33:49 jnanny (pid 1680) done
