** jserver-watcher now monitoring jserver on vsp-compute-38 (pid 3187) **
[stub profiling data written to /home/enf/.schrodinger/enf.nytprof]
160104-13:03:44 [Create server socket with LISTENQ=100 and TIMEOUT=20]
160104-13:03:44 [redirect stderr to the log file]
160104-13:03:44 jserver (PID 3187) listening on port 43791
160104-13:03:44 from /home/enf/software/schrodinger2015-1/mmshare-v29013/bin/Linux-x86_64
160104-13:03:44 using mmshare 29013
160104-13:03:44 Server starting
160104-13:03:44 ## Jobs: 0  Filehandles: 14  Memory: 160396 kB
160104-13:03:44 jnanny still has work to do
160104-13:04:02 handling 2 connection(s)
160104-13:04:02 handling 1 connection(s)
160104-13:04:02 jnanny still has work to do
160104-13:04:02 handling 1 connection(s)
160104-13:04:02 jnanny still has work to do
160104-13:04:02 handling 1 connection(s)
160104-13:04:02 jnanny still has work to do
160104-13:04:03 handling 1 connection(s)
160104-13:04:03 jnanny still has work to do
160104-13:04:14 run jnanny
160104-13:04:16 scheduling one more jnanny run
160104-13:04:19 handling 2 connection(s)
160104-13:04:19 handling 1 connection(s)
160104-13:04:19 jnanny still has work to do
160104-13:04:19 handling 1 connection(s)
160104-13:04:19 jnanny still has work to do
160104-13:04:19 handling 2 connection(s)
160104-13:04:19 handling 1 connection(s)
160104-13:04:19 jnanny still has work to do
160104-13:04:19 handling 1 connection(s)
160104-13:04:19 jnanny still has work to do
160104-13:05:16 run jnanny
160104-13:05:16 ## Jobs: 0  Filehandles: 13  Memory: 160632 kB
160104-13:05:16 ## Events:  215  2.3/sec  Max/90/50 time: 0.058 0.001 0.000
160104-13:05:16 ## Events:  148  1.6/sec  Max/90/50 time: 0.058 0.001 0.000  Message::can_read
160104-13:05:16 ## Events:   64  0.7/sec  Max/90/50 time: 0.001 0.001 0.000  Server::can_read
160104-13:05:16 ## Events:    2  0.0/sec  Max/90/50 time: 0.015 0.015 0.014  JNannyMonitor::got_alarm
160104-13:05:16 ## Events:    1  0.0/sec  Max/90/50 time: 0.000 0.000 0.000  JNannyMonitor::child_exited
160104-13:05:18 scheduling one more jnanny run
160104-13:06:18 run jnanny
160104-13:06:20 jnanny does not need to run again.
160104-13:06:20 handling 1 connection(s)
160104-13:06:20 Nothing more to do...
160104-13:06:20 Shutting down
160104-13:06:20 [Server] closing the listening socket
** jserver-watcher now monitoring jserver on vsp-compute-38 (pid 32707) **
[stub profiling data written to /home/enf/.schrodinger/enf.nytprof]
160125-00:27:16 [Create server socket with LISTENQ=100 and TIMEOUT=20]
160125-00:27:16 [redirect stderr to the log file]
160125-00:27:16 jserver (PID 32707) listening on port 43791
160125-00:27:16 from /home/enf/software/schrodinger2015-1/mmshare-v29013/bin/Linux-x86_64
160125-00:27:16 using mmshare 29013
160125-00:27:16 Server starting
160125-00:27:19 ## Jobs: 0  Filehandles: 13  Memory: 160364 kB
160125-00:27:19 jnanny still has work to do
160125-00:27:25 handling 1 connection(s)
160125-00:27:25 jnanny still has work to do
160125-00:27:25 handling 2 connection(s)
160125-00:27:25 handling 1 connection(s)
160125-00:27:25 jnanny still has work to do
160125-00:27:25 handling 1 connection(s)
160125-00:27:25 jnanny still has work to do
160125-00:27:46 run jnanny
160125-00:28:47 ## Jobs: 0  Filehandles: 12  Memory: 160644 kB
160125-00:28:47 ## Events:   89  1.0/sec  Max/90/50 time: 0.022 0.001 0.000
160125-00:28:47 ## Events:   60  0.7/sec  Max/90/50 time: 0.016 0.001 0.000  Message::can_read
160125-00:28:47 ## Events:   27  0.3/sec  Max/90/50 time: 0.001 0.001 0.001  Server::can_read
160125-00:28:47 ## Events:    1  0.0/sec  Max/90/50 time: 0.000 0.000 0.000  JNannyMonitor::child_exited
160125-00:28:47 ## Events:    1  0.0/sec  Max/90/50 time: 0.022 0.022 0.022  JNannyMonitor::got_alarm
160125-00:32:47 run jnanny
160125-00:32:48 scheduling one more jnanny run
160125-00:33:48 run jnanny
160125-00:33:49 jnanny does not need to run again.
160125-00:33:49 handling 1 connection(s)
160125-00:33:49 Nothing more to do...
160125-00:33:49 Shutting down
160125-00:33:49 [Server] closing the listening socket
