160128-18:09:36 Schrodinger installation check
160128-18:09:36 ------------------------------
160128-18:09:36 revision 1.31
160128-18:09:36 
160128-18:09:36 Logfile: inst_check.log
160128-18:09:36 
160128-18:09:36 SCHRODINGER: /home/enf/software/schrodinger2015-1
160128-18:09:36 
160128-18:09:36 Hosts file: /home/enf/software/schrodinger2015-1/schrodinger.hosts
160128-18:09:36  
160128-18:09:36  
160128-18:09:36 * archived file '/home/enf/software/schrodinger2015-1/schrodinger.hosts' as 'schrodinger.hosts'
160128-18:09:36 * archived file 'schrodinger.hosts'
160128-18:09:36 * archived file 'license'
160128-18:09:36 * archived queues/ scripts
160128-18:09:36 % which acroread > acroread
which: no acroread in (/home/enf/software/schrodinger2015-1/mmshare-v29013/bin/Linux-x86_64:/home/enf/software/schrodinger2015-1/mmshare-v29013/bin/Linux-x86_64:/opt/rh/devtoolset-2/root/usr/bin:/home/enf/software/anaconda/bin:/usr/lib64/qt-3.3/bin:/bin:/usr/bin:/usr/local/sbin:/usr/sbin:/sbin)
160128-18:09:36 ERROR command failed: 'which acroread > acroread'
160128-18:09:36 % "/home/enf/software/schrodinger2015-1/utilities/check_thirdparty" -prompt_for_preferences no -thorough no > check_thirdparty
FATAL -97: Could not check out a license for mmlibs version 2.9.
160128-18:09:37 ERROR command failed: '"/home/enf/software/schrodinger2015-1/utilities/check_thirdparty" -prompt_for_preferences no -thorough no > check_thirdparty'
160128-18:09:37 % env | sort > env
160128-18:09:37 * saved output of 'env | sort' in file 'env'
160128-18:09:37 % "/home/enf/software/schrodinger2015-1/gfxinfo" > gfxinfo
libGL error: failed to load driver: swrast
160128-18:09:38 * saved output of '"/home/enf/software/schrodinger2015-1/gfxinfo"' in file 'gfxinfo'
160128-18:09:38 % sh "/home/enf/software/schrodinger2015-1/licadmin" info > licadmin-info
160128-18:09:39 * saved output of 'sh "/home/enf/software/schrodinger2015-1/licadmin" info' in file 'licadmin-info'
160128-18:09:39 % "/home/enf/software/schrodinger2015-1/utilities/licutil" -jobs > license-jobs
160128-18:09:40 * saved output of '"/home/enf/software/schrodinger2015-1/utilities/licutil" -jobs' in file 'license-jobs'
160128-18:09:40 % "/home/enf/software/schrodinger2015-1/utilities/licutil" -list > license-tokens
160128-18:09:40 * saved output of '"/home/enf/software/schrodinger2015-1/utilities/licutil" -list' in file 'license-tokens'
160128-18:09:40 % "/home/enf/software/schrodinger2015-1/machid" > machid
160128-18:09:41 * saved output of '"/home/enf/software/schrodinger2015-1/machid"' in file 'machid'
160128-18:09:41 % nvidia-smi -q > nvidia-smi
sh: nvidia-smi: command not found
160128-18:09:41 ERROR command failed: 'nvidia-smi -q > nvidia-smi'
160128-18:09:41 % ls -lL "/home/enf/software/schrodinger2015-1" "/home/enf/software/schrodinger2015-1/utilities" > toplevel
160128-18:09:41 * saved output of 'ls -lL "/home/enf/software/schrodinger2015-1" "/home/enf/software/schrodinger2015-1/utilities"' in file 'toplevel'
df: `/home/cxh/wt_pdb': No such file or directory
160128-18:09:41 * archived file 'df'
160128-18:09:41 [localhost] 435458.048 Mb available in /home/enf/software/schrodinger_scratch
160128-18:09:41 
160128-18:09:41 All tests completed
160128-18:09:41 * archived 'jobdb2/jserver.vsp-compute-33.log'
160128-18:09:41 * archived 'jobdb2/jserver.vsp-compute-34.log'
160128-18:09:41 * archived 'jobdb2/jserver.vsp-compute-35.log'
160128-18:09:41 * archived 'jobdb2/jserver.vsp-compute-36.log'
160128-18:09:41 * archived 'jobdb2/jserver.vsp-compute-37.log'
160128-18:09:41 * archived 'jobdb2/jserver.vsp-compute-38.log'
160128-18:09:41 * archived 'jobdb2/jserver.vsp-compute-39.log'
160128-18:09:41 * archived 'jobdb2/jserver.vsp-compute-40.log'
160128-18:09:41 * archived 'jobdb2/jserver.vsp-compute-33.pid'
160128-18:09:41 * archived 'jobdb2/jserver.vsp-compute-34.pid'
160128-18:09:41 * archived 'jobdb2/jserver.vsp-compute-35.pid'
160128-18:09:41 * archived 'jobdb2/jserver.vsp-compute-36.pid'
160128-18:09:41 * archived 'jobdb2/jserver.vsp-compute-37.pid'
160128-18:09:41 * archived 'jobdb2/jserver.vsp-compute-38.pid'
160128-18:09:41 * archived 'jobdb2/jserver.vsp-compute-39.pid'
160128-18:09:41 * archived 'jobdb2/jserver.vsp-compute-40.pid'
160128-18:09:41 * archived 'jobdb2/jnanny.vsp-compute-33.log'
160128-18:09:41 * archived 'jobdb2/jnanny.vsp-compute-34.log'
160128-18:09:41 * archived 'jobdb2/jnanny.vsp-compute-34.log.1'
160128-18:09:41 * archived 'jobdb2/jnanny.vsp-compute-35.log'
160128-18:09:41 * archived 'jobdb2/jnanny.vsp-compute-36.log'
160128-18:09:41 * archived 'jobdb2/jnanny.vsp-compute-36.log.1'
160128-18:09:41 * archived 'jobdb2/jnanny.vsp-compute-36.log.2'
160128-18:09:41 * archived 'jobdb2/jnanny.vsp-compute-36.log.3'
160128-18:09:41 * archived 'jobdb2/jnanny.vsp-compute-36.log.4'
160128-18:09:41 * archived 'jobdb2/jnanny.vsp-compute-37.log'
160128-18:09:41 * archived 'jobdb2/jnanny.vsp-compute-38.log'
160128-18:09:41 * archived 'jobdb2/jnanny.vsp-compute-39.log'
160128-18:09:41 * archived 'jobdb2/jnanny.vsp-compute-40.log'
160128-18:09:41 * archived 'jobdb2/jnanny.vsp-compute-33.state'
160128-18:09:41 * archived 'jobdb2/jnanny.vsp-compute-34.state'
160128-18:09:41 * archived 'jobdb2/jnanny.vsp-compute-35.state'
160128-18:09:41 * archived 'jobdb2/jnanny.vsp-compute-36.state'
160128-18:09:41 * archived 'jobdb2/jnanny.vsp-compute-37.state'
160128-18:09:41 * archived 'jobdb2/jnanny.vsp-compute-38.state'
160128-18:09:41 * archived 'jobdb2/jnanny.vsp-compute-39.state'
160128-18:09:41 * archived 'jobdb2/jnanny.vsp-compute-40.state'
160128-18:09:41 %%% /vspdata/vspcompute/home/enf/b2ar_analysis/conformation/instcheck-vsp-compute-33-diagnostics
160128-18:09:41 % "/home/enf/software/schrodinger2015-1/jobcontrol" -list -c -db jobdb2 all
FATAL -97: Could not check out a license for mmlibs version 2.9.
160128-18:09:42 ERROR command failed: '"/home/enf/software/schrodinger2015-1/jobcontrol" -list -c -db jobdb2 all > joblist'
160128-18:09:42 
160128-18:09:42 Summary file: instcheck-vsp-compute-33-diagnostics.summary
160128-18:09:42 
160128-18:09:42 Output data file: instcheck_results.json
160128-18:09:42 
160128-18:09:42 Done.
